2022-08-03 20:19:49,692 DEBUG    root            Loaded Command Group: ['gcloud', 'components']
2022-08-03 20:19:49,696 DEBUG    root            Loaded Command Group: ['gcloud', 'components', 'update']
2022-08-03 20:19:49,698 DEBUG    root            Running [gcloud.components.update] with arguments: [--allow-no-backup: "True", --quiet: "True", COMPONENT-IDS:7: "['core', 'gcloud-deps', 'bq', 'gcloud', 'gcloud-crc32c', 'gsutil', 'anthoscli']"]
2022-08-03 20:19:49,705 INFO     ___FILE_ONLY___ Beginning update. This process may take several minutes.

2022-08-03 20:20:01,733 DEBUG    urllib3.connectionpool Starting new HTTPS connection (1): dl.google.com:443
2022-08-03 20:20:01,760 DEBUG    urllib3.connectionpool https://dl.google.com:443 "GET /dl/cloudsdk/channels/rapid/components-2.json HTTP/1.1" 200 201562
2022-08-03 20:20:01,816 INFO     ___FILE_ONLY___ 

2022-08-03 20:20:01,816 INFO     ___FILE_ONLY___ 
Your current Google Cloud CLI version is: 396.0.0

2022-08-03 20:20:01,816 INFO     ___FILE_ONLY___ Installing components from version: 396.0.0

2022-08-03 20:20:01,816 INFO     ___FILE_ONLY___ 

2022-08-03 20:20:01,823 INFO     ___FILE_ONLY___ ┌─────────────────────────────────────────────────────────────────────────────┐
2022-08-03 20:20:01,823 INFO     ___FILE_ONLY___ 

2022-08-03 20:20:01,824 INFO     ___FILE_ONLY___ │                     These components will be installed.                     │
2022-08-03 20:20:01,824 INFO     ___FILE_ONLY___ 

2022-08-03 20:20:01,824 INFO     ___FILE_ONLY___ ├─────────────────────────────────────────────────────┬────────────┬──────────┤
2022-08-03 20:20:01,824 INFO     ___FILE_ONLY___ 

2022-08-03 20:20:01,824 INFO     ___FILE_ONLY___ │                         Name                        │  Version   │   Size   │
2022-08-03 20:20:01,824 INFO     ___FILE_ONLY___ 

2022-08-03 20:20:01,824 INFO     ___FILE_ONLY___ ├─────────────────────────────────────────────────────┼────────────┼──────────┤
2022-08-03 20:20:01,824 INFO     ___FILE_ONLY___ 

2022-08-03 20:20:01,824 INFO     ___FILE_ONLY___ │ 
2022-08-03 20:20:01,824 INFO     ___FILE_ONLY___ BigQuery Command Line Tool                         
2022-08-03 20:20:01,824 INFO     ___FILE_ONLY___  
2022-08-03 20:20:01,824 INFO     ___FILE_ONLY___ │ 
2022-08-03 20:20:01,824 INFO     ___FILE_ONLY___     2.0.75
2022-08-03 20:20:01,825 INFO     ___FILE_ONLY___  
2022-08-03 20:20:01,825 INFO     ___FILE_ONLY___ │ 
2022-08-03 20:20:01,825 INFO     ___FILE_ONLY___  1.6 MiB
2022-08-03 20:20:01,825 INFO     ___FILE_ONLY___  
2022-08-03 20:20:01,825 INFO     ___FILE_ONLY___ │
2022-08-03 20:20:01,825 INFO     ___FILE_ONLY___ 

2022-08-03 20:20:01,825 INFO     ___FILE_ONLY___ │ 
2022-08-03 20:20:01,825 INFO     ___FILE_ONLY___ BigQuery Command Line Tool (Platform Specific)     
2022-08-03 20:20:01,825 INFO     ___FILE_ONLY___  
2022-08-03 20:20:01,825 INFO     ___FILE_ONLY___ │ 
2022-08-03 20:20:01,825 INFO     ___FILE_ONLY___     2.0.73
2022-08-03 20:20:01,825 INFO     ___FILE_ONLY___  
2022-08-03 20:20:01,825 INFO     ___FILE_ONLY___ │ 
2022-08-03 20:20:01,825 INFO     ___FILE_ONLY___  < 1 MiB
2022-08-03 20:20:01,826 INFO     ___FILE_ONLY___  
2022-08-03 20:20:01,826 INFO     ___FILE_ONLY___ │
2022-08-03 20:20:01,826 INFO     ___FILE_ONLY___ 

2022-08-03 20:20:01,826 INFO     ___FILE_ONLY___ │ 
2022-08-03 20:20:01,826 INFO     ___FILE_ONLY___ Cloud Storage Command Line Tool                    
2022-08-03 20:20:01,826 INFO     ___FILE_ONLY___  
2022-08-03 20:20:01,826 INFO     ___FILE_ONLY___ │ 
2022-08-03 20:20:01,826 INFO     ___FILE_ONLY___       5.11
2022-08-03 20:20:01,826 INFO     ___FILE_ONLY___  
2022-08-03 20:20:01,826 INFO     ___FILE_ONLY___ │ 
2022-08-03 20:20:01,826 INFO     ___FILE_ONLY___ 15.5 MiB
2022-08-03 20:20:01,826 INFO     ___FILE_ONLY___  
2022-08-03 20:20:01,826 INFO     ___FILE_ONLY___ │
2022-08-03 20:20:01,827 INFO     ___FILE_ONLY___ 

2022-08-03 20:20:01,827 INFO     ___FILE_ONLY___ │ 
2022-08-03 20:20:01,827 INFO     ___FILE_ONLY___ Cloud Storage Command Line Tool (Platform Specific)
2022-08-03 20:20:01,827 INFO     ___FILE_ONLY___  
2022-08-03 20:20:01,827 INFO     ___FILE_ONLY___ │ 
2022-08-03 20:20:01,827 INFO     ___FILE_ONLY___        5.6
2022-08-03 20:20:01,827 INFO     ___FILE_ONLY___  
2022-08-03 20:20:01,827 INFO     ___FILE_ONLY___ │ 
2022-08-03 20:20:01,827 INFO     ___FILE_ONLY___  < 1 MiB
2022-08-03 20:20:01,827 INFO     ___FILE_ONLY___  
2022-08-03 20:20:01,827 INFO     ___FILE_ONLY___ │
2022-08-03 20:20:01,828 INFO     ___FILE_ONLY___ 

2022-08-03 20:20:01,828 INFO     ___FILE_ONLY___ │ 
2022-08-03 20:20:01,828 INFO     ___FILE_ONLY___ Google Cloud CLI Core Libraries (Platform Specific)
2022-08-03 20:20:01,828 INFO     ___FILE_ONLY___  
2022-08-03 20:20:01,828 INFO     ___FILE_ONLY___ │ 
2022-08-03 20:20:01,828 INFO     ___FILE_ONLY___ 2022.01.28
2022-08-03 20:20:01,828 INFO     ___FILE_ONLY___  
2022-08-03 20:20:01,828 INFO     ___FILE_ONLY___ │ 
2022-08-03 20:20:01,828 INFO     ___FILE_ONLY___  < 1 MiB
2022-08-03 20:20:01,828 INFO     ___FILE_ONLY___  
2022-08-03 20:20:01,828 INFO     ___FILE_ONLY___ │
2022-08-03 20:20:01,829 INFO     ___FILE_ONLY___ 

2022-08-03 20:20:01,829 INFO     ___FILE_ONLY___ │ 
2022-08-03 20:20:01,829 INFO     ___FILE_ONLY___ Google Cloud CRC32C Hash Tool                      
2022-08-03 20:20:01,829 INFO     ___FILE_ONLY___  
2022-08-03 20:20:01,829 INFO     ___FILE_ONLY___ │ 
2022-08-03 20:20:01,829 INFO     ___FILE_ONLY___      1.0.0
2022-08-03 20:20:01,829 INFO     ___FILE_ONLY___  
2022-08-03 20:20:01,829 INFO     ___FILE_ONLY___ │ 
2022-08-03 20:20:01,829 INFO     ___FILE_ONLY___  1.2 MiB
2022-08-03 20:20:01,829 INFO     ___FILE_ONLY___  
2022-08-03 20:20:01,829 INFO     ___FILE_ONLY___ │
2022-08-03 20:20:01,829 INFO     ___FILE_ONLY___ 

2022-08-03 20:20:01,830 INFO     ___FILE_ONLY___ │ 
2022-08-03 20:20:01,830 INFO     ___FILE_ONLY___ anthoscli                                          
2022-08-03 20:20:01,830 INFO     ___FILE_ONLY___  
2022-08-03 20:20:01,830 INFO     ___FILE_ONLY___ │ 
2022-08-03 20:20:01,830 INFO     ___FILE_ONLY___     0.2.28
2022-08-03 20:20:01,830 INFO     ___FILE_ONLY___  
2022-08-03 20:20:01,830 INFO     ___FILE_ONLY___ │ 
2022-08-03 20:20:01,830 INFO     ___FILE_ONLY___ 47.7 MiB
2022-08-03 20:20:01,830 INFO     ___FILE_ONLY___  
2022-08-03 20:20:01,830 INFO     ___FILE_ONLY___ │
2022-08-03 20:20:01,830 INFO     ___FILE_ONLY___ 

2022-08-03 20:20:01,830 INFO     ___FILE_ONLY___ │ 
2022-08-03 20:20:01,830 INFO     ___FILE_ONLY___ gcloud cli dependencies                            
2022-08-03 20:20:01,830 INFO     ___FILE_ONLY___  
2022-08-03 20:20:01,831 INFO     ___FILE_ONLY___ │ 
2022-08-03 20:20:01,831 INFO     ___FILE_ONLY___ 2021.04.16
2022-08-03 20:20:01,831 INFO     ___FILE_ONLY___  
2022-08-03 20:20:01,831 INFO     ___FILE_ONLY___ │ 
2022-08-03 20:20:01,831 INFO     ___FILE_ONLY___  < 1 MiB
2022-08-03 20:20:01,831 INFO     ___FILE_ONLY___  
2022-08-03 20:20:01,831 INFO     ___FILE_ONLY___ │
2022-08-03 20:20:01,831 INFO     ___FILE_ONLY___ 

2022-08-03 20:20:01,831 INFO     ___FILE_ONLY___ └─────────────────────────────────────────────────────┴────────────┴──────────┘
2022-08-03 20:20:01,831 INFO     ___FILE_ONLY___ 

2022-08-03 20:20:01,831 INFO     ___FILE_ONLY___ 

2022-08-03 20:20:01,834 DEBUG    urllib3.connectionpool Starting new HTTPS connection (1): dl.google.com:443
2022-08-03 20:20:01,852 DEBUG    urllib3.connectionpool https://dl.google.com:443 "GET /dl/cloudsdk/channels/rapid/RELEASE_NOTES HTTP/1.1" 200 845349
2022-08-03 20:20:01,883 INFO     ___FILE_ONLY___ For the latest full release notes, please visit:
  https://cloud.google.com/sdk/release_notes


2022-08-03 20:20:01,889 INFO     ___FILE_ONLY___ ╔════════════════════════════════════════════════════════════╗

2022-08-03 20:20:01,889 INFO     ___FILE_ONLY___ ╠═ Creating update staging area                             ═╣

2022-08-03 20:20:01,889 INFO     ___FILE_ONLY___ ╚
2022-08-03 20:20:01,890 INFO     ___FILE_ONLY___ ══════
2022-08-03 20:20:01,890 INFO     ___FILE_ONLY___ ══════
2022-08-03 20:20:01,890 INFO     ___FILE_ONLY___ ══════
2022-08-03 20:20:02,099 INFO     ___FILE_ONLY___ ═
2022-08-03 20:20:02,165 INFO     ___FILE_ONLY___ ═
2022-08-03 20:20:02,236 INFO     ___FILE_ONLY___ ═
2022-08-03 20:20:02,305 INFO     ___FILE_ONLY___ ═
2022-08-03 20:20:02,357 INFO     ___FILE_ONLY___ ═
2022-08-03 20:20:02,412 INFO     ___FILE_ONLY___ ═
2022-08-03 20:20:02,474 INFO     ___FILE_ONLY___ ═
2022-08-03 20:20:02,535 INFO     ___FILE_ONLY___ ═
2022-08-03 20:20:02,581 INFO     ___FILE_ONLY___ ═
2022-08-03 20:20:02,618 INFO     ___FILE_ONLY___ ═
2022-08-03 20:20:02,653 INFO     ___FILE_ONLY___ ═
2022-08-03 20:20:02,704 INFO     ___FILE_ONLY___ ═
2022-08-03 20:20:02,762 INFO     ___FILE_ONLY___ ═
2022-08-03 20:20:02,807 INFO     ___FILE_ONLY___ ═
2022-08-03 20:20:02,860 INFO     ___FILE_ONLY___ ═
2022-08-03 20:20:02,912 INFO     ___FILE_ONLY___ ═
2022-08-03 20:20:02,989 INFO     ___FILE_ONLY___ ═
2022-08-03 20:20:03,041 INFO     ___FILE_ONLY___ ═
2022-08-03 20:20:03,093 INFO     ___FILE_ONLY___ ═
2022-08-03 20:20:03,141 INFO     ___FILE_ONLY___ ═
2022-08-03 20:20:03,189 INFO     ___FILE_ONLY___ ═
2022-08-03 20:20:03,249 INFO     ___FILE_ONLY___ ═
2022-08-03 20:20:03,313 INFO     ___FILE_ONLY___ ═
2022-08-03 20:20:03,362 INFO     ___FILE_ONLY___ ═
2022-08-03 20:20:03,418 INFO     ___FILE_ONLY___ ═
2022-08-03 20:20:03,468 INFO     ___FILE_ONLY___ ═
2022-08-03 20:20:03,523 INFO     ___FILE_ONLY___ ═
2022-08-03 20:20:03,576 INFO     ___FILE_ONLY___ ═
2022-08-03 20:20:03,627 INFO     ___FILE_ONLY___ ═
2022-08-03 20:20:03,672 INFO     ___FILE_ONLY___ ═
2022-08-03 20:20:03,730 INFO     ___FILE_ONLY___ ═
2022-08-03 20:20:03,880 INFO     ___FILE_ONLY___ ═
2022-08-03 20:20:03,989 INFO     ___FILE_ONLY___ ═
2022-08-03 20:20:04,065 INFO     ___FILE_ONLY___ ═
2022-08-03 20:20:04,190 INFO     ___FILE_ONLY___ ═
2022-08-03 20:20:04,228 INFO     ___FILE_ONLY___ ═
2022-08-03 20:20:04,279 INFO     ___FILE_ONLY___ ═
2022-08-03 20:20:04,306 INFO     ___FILE_ONLY___ ═
2022-08-03 20:20:04,349 INFO     ___FILE_ONLY___ ═
2022-08-03 20:20:04,374 INFO     ___FILE_ONLY___ ═
2022-08-03 20:20:04,403 INFO     ___FILE_ONLY___ ═
2022-08-03 20:20:04,431 INFO     ___FILE_ONLY___ ═
2022-08-03 20:20:04,431 INFO     ___FILE_ONLY___ ╝

2022-08-03 20:20:04,618 INFO     ___FILE_ONLY___ ╔════════════════════════════════════════════════════════════╗

2022-08-03 20:20:04,618 INFO     ___FILE_ONLY___ ╠═ Installing: BigQuery Command Line Tool                   ═╣

2022-08-03 20:20:04,618 INFO     ___FILE_ONLY___ ╚
2022-08-03 20:20:04,622 DEBUG    urllib3.connectionpool Starting new HTTPS connection (1): dl.google.com:443
2022-08-03 20:20:04,655 DEBUG    urllib3.connectionpool https://dl.google.com:443 "GET /dl/cloudsdk/channels/rapid/components/google-cloud-sdk-bq-20220610143733.tar.gz HTTP/1.1" 200 1630286
2022-08-03 20:20:04,673 INFO     ___FILE_ONLY___ ═
2022-08-03 20:20:04,673 INFO     ___FILE_ONLY___ ═
2022-08-03 20:20:04,673 INFO     ___FILE_ONLY___ ═
2022-08-03 20:20:04,673 INFO     ___FILE_ONLY___ ═
2022-08-03 20:20:04,673 INFO     ___FILE_ONLY___ ═
2022-08-03 20:20:04,673 INFO     ___FILE_ONLY___ ═
2022-08-03 20:20:04,674 INFO     ___FILE_ONLY___ ═
2022-08-03 20:20:04,674 INFO     ___FILE_ONLY___ ═
2022-08-03 20:20:04,674 INFO     ___FILE_ONLY___ ═
2022-08-03 20:20:04,674 INFO     ___FILE_ONLY___ ═
2022-08-03 20:20:04,674 INFO     ___FILE_ONLY___ ═
2022-08-03 20:20:04,674 INFO     ___FILE_ONLY___ ═
2022-08-03 20:20:04,675 INFO     ___FILE_ONLY___ ═
2022-08-03 20:20:04,675 INFO     ___FILE_ONLY___ ═
2022-08-03 20:20:04,675 INFO     ___FILE_ONLY___ ═
2022-08-03 20:20:04,675 INFO     ___FILE_ONLY___ ═
2022-08-03 20:20:04,675 INFO     ___FILE_ONLY___ ═
2022-08-03 20:20:04,675 INFO     ___FILE_ONLY___ ═
2022-08-03 20:20:04,675 INFO     ___FILE_ONLY___ ═
2022-08-03 20:20:04,676 INFO     ___FILE_ONLY___ ═
2022-08-03 20:20:04,676 INFO     ___FILE_ONLY___ ═
2022-08-03 20:20:04,676 INFO     ___FILE_ONLY___ ═
2022-08-03 20:20:04,676 INFO     ___FILE_ONLY___ ═
2022-08-03 20:20:04,676 INFO     ___FILE_ONLY___ ═
2022-08-03 20:20:04,676 INFO     ___FILE_ONLY___ ═
2022-08-03 20:20:04,676 INFO     ___FILE_ONLY___ ═
2022-08-03 20:20:04,677 INFO     ___FILE_ONLY___ ═
2022-08-03 20:20:04,677 INFO     ___FILE_ONLY___ ═
2022-08-03 20:20:04,677 INFO     ___FILE_ONLY___ ═
2022-08-03 20:20:04,677 INFO     ___FILE_ONLY___ ═
2022-08-03 20:20:04,801 INFO     ___FILE_ONLY___ ═
2022-08-03 20:20:04,805 INFO     ___FILE_ONLY___ ═
2022-08-03 20:20:04,810 INFO     ___FILE_ONLY___ ═
2022-08-03 20:20:04,817 INFO     ___FILE_ONLY___ ═
2022-08-03 20:20:04,821 INFO     ___FILE_ONLY___ ═
2022-08-03 20:20:04,825 INFO     ___FILE_ONLY___ ═
2022-08-03 20:20:04,829 INFO     ___FILE_ONLY___ ═
2022-08-03 20:20:04,833 INFO     ___FILE_ONLY___ ═
2022-08-03 20:20:04,837 INFO     ___FILE_ONLY___ ═
2022-08-03 20:20:04,842 INFO     ___FILE_ONLY___ ═
2022-08-03 20:20:04,846 INFO     ___FILE_ONLY___ ═
2022-08-03 20:20:04,850 INFO     ___FILE_ONLY___ ═
2022-08-03 20:20:04,856 INFO     ___FILE_ONLY___ ═
2022-08-03 20:20:04,862 INFO     ___FILE_ONLY___ ═
2022-08-03 20:20:04,867 INFO     ___FILE_ONLY___ ═
2022-08-03 20:20:04,872 INFO     ___FILE_ONLY___ ═
2022-08-03 20:20:04,876 INFO     ___FILE_ONLY___ ═
2022-08-03 20:20:04,879 INFO     ___FILE_ONLY___ ═
2022-08-03 20:20:04,884 INFO     ___FILE_ONLY___ ═
2022-08-03 20:20:04,889 INFO     ___FILE_ONLY___ ═
2022-08-03 20:20:04,895 INFO     ___FILE_ONLY___ ═
2022-08-03 20:20:04,899 INFO     ___FILE_ONLY___ ═
2022-08-03 20:20:04,904 INFO     ___FILE_ONLY___ ═
2022-08-03 20:20:04,908 INFO     ___FILE_ONLY___ ═
2022-08-03 20:20:04,912 INFO     ___FILE_ONLY___ ═
2022-08-03 20:20:04,917 INFO     ___FILE_ONLY___ ═
2022-08-03 20:20:04,921 INFO     ___FILE_ONLY___ ═
2022-08-03 20:20:04,926 INFO     ___FILE_ONLY___ ═
2022-08-03 20:20:04,930 INFO     ___FILE_ONLY___ ═
2022-08-03 20:20:04,934 INFO     ___FILE_ONLY___ ═
2022-08-03 20:20:04,934 INFO     ___FILE_ONLY___ ╝

2022-08-03 20:20:04,951 INFO     ___FILE_ONLY___ ╔════════════════════════════════════════════════════════════╗

2022-08-03 20:20:04,951 INFO     ___FILE_ONLY___ ╠═ Installing: BigQuery Command Line Tool (Platform Spec... ═╣

2022-08-03 20:20:04,951 INFO     ___FILE_ONLY___ ╚
2022-08-03 20:20:04,955 DEBUG    urllib3.connectionpool Starting new HTTPS connection (1): dl.google.com:443
2022-08-03 20:20:04,973 DEBUG    urllib3.connectionpool https://dl.google.com:443 "GET /dl/cloudsdk/channels/rapid/components/google-cloud-sdk-bq-nix-20220128152443.tar.gz HTTP/1.1" 200 1943
2022-08-03 20:20:04,975 INFO     ___FILE_ONLY___ ══════════════════════════════
2022-08-03 20:20:04,976 INFO     ___FILE_ONLY___ ══════════════════════════════
2022-08-03 20:20:04,976 INFO     ___FILE_ONLY___ ╝

2022-08-03 20:20:04,987 INFO     ___FILE_ONLY___ ╔════════════════════════════════════════════════════════════╗

2022-08-03 20:20:04,988 INFO     ___FILE_ONLY___ ╠═ Installing: Cloud Storage Command Line Tool              ═╣

2022-08-03 20:20:04,988 INFO     ___FILE_ONLY___ ╚
2022-08-03 20:20:04,992 DEBUG    urllib3.connectionpool Starting new HTTPS connection (1): dl.google.com:443
2022-08-03 20:20:05,024 DEBUG    urllib3.connectionpool https://dl.google.com:443 "GET /dl/cloudsdk/channels/rapid/components/google-cloud-sdk-gsutil-20220719210002.tar.gz HTTP/1.1" 200 16233224
2022-08-03 20:20:05,143 INFO     ___FILE_ONLY___ ═
2022-08-03 20:20:05,144 INFO     ___FILE_ONLY___ ═
2022-08-03 20:20:05,145 INFO     ___FILE_ONLY___ ═
2022-08-03 20:20:05,146 INFO     ___FILE_ONLY___ ═
2022-08-03 20:20:05,146 INFO     ___FILE_ONLY___ ═
2022-08-03 20:20:05,147 INFO     ___FILE_ONLY___ ═
2022-08-03 20:20:05,148 INFO     ___FILE_ONLY___ ═
2022-08-03 20:20:05,148 INFO     ___FILE_ONLY___ ═
2022-08-03 20:20:05,149 INFO     ___FILE_ONLY___ ═
2022-08-03 20:20:05,150 INFO     ___FILE_ONLY___ ═
2022-08-03 20:20:05,151 INFO     ___FILE_ONLY___ ═
2022-08-03 20:20:05,151 INFO     ___FILE_ONLY___ ═
2022-08-03 20:20:05,152 INFO     ___FILE_ONLY___ ═
2022-08-03 20:20:05,153 INFO     ___FILE_ONLY___ ═
2022-08-03 20:20:05,154 INFO     ___FILE_ONLY___ ═
2022-08-03 20:20:05,154 INFO     ___FILE_ONLY___ ═
2022-08-03 20:20:05,155 INFO     ___FILE_ONLY___ ═
2022-08-03 20:20:05,156 INFO     ___FILE_ONLY___ ═
2022-08-03 20:20:05,157 INFO     ___FILE_ONLY___ ═
2022-08-03 20:20:05,157 INFO     ___FILE_ONLY___ ═
2022-08-03 20:20:05,158 INFO     ___FILE_ONLY___ ═
2022-08-03 20:20:05,159 INFO     ___FILE_ONLY___ ═
2022-08-03 20:20:05,160 INFO     ___FILE_ONLY___ ═
2022-08-03 20:20:05,160 INFO     ___FILE_ONLY___ ═
2022-08-03 20:20:05,161 INFO     ___FILE_ONLY___ ═
2022-08-03 20:20:05,162 INFO     ___FILE_ONLY___ ═
2022-08-03 20:20:05,163 INFO     ___FILE_ONLY___ ═
2022-08-03 20:20:05,163 INFO     ___FILE_ONLY___ ═
2022-08-03 20:20:05,164 INFO     ___FILE_ONLY___ ═
2022-08-03 20:20:05,165 INFO     ___FILE_ONLY___ ═
2022-08-03 20:20:06,437 INFO     ___FILE_ONLY___ ═
2022-08-03 20:20:06,515 INFO     ___FILE_ONLY___ ═
2022-08-03 20:20:06,561 INFO     ___FILE_ONLY___ ═
2022-08-03 20:20:06,619 INFO     ___FILE_ONLY___ ═
2022-08-03 20:20:06,688 INFO     ___FILE_ONLY___ ═
2022-08-03 20:20:06,734 INFO     ___FILE_ONLY___ ═
2022-08-03 20:20:06,786 INFO     ___FILE_ONLY___ ═
2022-08-03 20:20:06,834 INFO     ___FILE_ONLY___ ═
2022-08-03 20:20:06,874 INFO     ___FILE_ONLY___ ═
2022-08-03 20:20:06,916 INFO     ___FILE_ONLY___ ═
2022-08-03 20:20:06,959 INFO     ___FILE_ONLY___ ═
2022-08-03 20:20:07,022 INFO     ___FILE_ONLY___ ═
2022-08-03 20:20:07,075 INFO     ___FILE_ONLY___ ═
2022-08-03 20:20:07,131 INFO     ___FILE_ONLY___ ═
2022-08-03 20:20:07,173 INFO     ___FILE_ONLY___ ═
2022-08-03 20:20:07,214 INFO     ___FILE_ONLY___ ═
2022-08-03 20:20:07,263 INFO     ___FILE_ONLY___ ═
2022-08-03 20:20:07,316 INFO     ___FILE_ONLY___ ═
2022-08-03 20:20:07,356 INFO     ___FILE_ONLY___ ═
2022-08-03 20:20:07,401 INFO     ___FILE_ONLY___ ═
2022-08-03 20:20:07,448 INFO     ___FILE_ONLY___ ═
2022-08-03 20:20:07,495 INFO     ___FILE_ONLY___ ═
2022-08-03 20:20:07,551 INFO     ___FILE_ONLY___ ═
2022-08-03 20:20:07,598 INFO     ___FILE_ONLY___ ═
2022-08-03 20:20:07,653 INFO     ___FILE_ONLY___ ═
2022-08-03 20:20:07,710 INFO     ___FILE_ONLY___ ═
2022-08-03 20:20:07,754 INFO     ___FILE_ONLY___ ═
2022-08-03 20:20:07,795 INFO     ___FILE_ONLY___ ═
2022-08-03 20:20:07,838 INFO     ___FILE_ONLY___ ═
2022-08-03 20:20:07,895 INFO     ___FILE_ONLY___ ═
2022-08-03 20:20:07,896 INFO     ___FILE_ONLY___ ╝

2022-08-03 20:20:07,993 INFO     ___FILE_ONLY___ ╔════════════════════════════════════════════════════════════╗

2022-08-03 20:20:07,994 INFO     ___FILE_ONLY___ ╠═ Installing: Cloud Storage Command Line Tool (Platform... ═╣

2022-08-03 20:20:07,994 INFO     ___FILE_ONLY___ ╚
2022-08-03 20:20:07,998 DEBUG    urllib3.connectionpool Starting new HTTPS connection (1): dl.google.com:443
2022-08-03 20:20:08,018 DEBUG    urllib3.connectionpool https://dl.google.com:443 "GET /dl/cloudsdk/channels/rapid/components/google-cloud-sdk-gsutil-nix-20220128152443.tar.gz HTTP/1.1" 200 1955
2022-08-03 20:20:08,019 INFO     ___FILE_ONLY___ ══════════════════════════════
2022-08-03 20:20:08,020 INFO     ___FILE_ONLY___ ══════════════════════════════
2022-08-03 20:20:08,020 INFO     ___FILE_ONLY___ ╝

2022-08-03 20:20:08,032 INFO     ___FILE_ONLY___ ╔════════════════════════════════════════════════════════════╗

2022-08-03 20:20:08,032 INFO     ___FILE_ONLY___ ╠═ Installing: Default set of gcloud commands               ═╣

2022-08-03 20:20:08,033 INFO     ___FILE_ONLY___ ╚
2022-08-03 20:20:08,038 INFO     ___FILE_ONLY___ ════════════════════════════════════════════════════════════
2022-08-03 20:20:08,038 INFO     ___FILE_ONLY___ ╝

2022-08-03 20:20:08,043 INFO     ___FILE_ONLY___ ╔════════════════════════════════════════════════════════════╗

2022-08-03 20:20:08,043 INFO     ___FILE_ONLY___ ╠═ Installing: Google Cloud CLI Core Libraries (Platform... ═╣

2022-08-03 20:20:08,043 INFO     ___FILE_ONLY___ ╚
2022-08-03 20:20:08,047 DEBUG    urllib3.connectionpool Starting new HTTPS connection (1): dl.google.com:443
2022-08-03 20:20:08,069 DEBUG    urllib3.connectionpool https://dl.google.com:443 "GET /dl/cloudsdk/channels/rapid/components/google-cloud-sdk-core-nix-20220128152443.tar.gz HTTP/1.1" 200 2321
2022-08-03 20:20:08,071 INFO     ___FILE_ONLY___ ══════════════════════════════
2022-08-03 20:20:08,072 INFO     ___FILE_ONLY___ ═══════════════
2022-08-03 20:20:08,073 INFO     ___FILE_ONLY___ ═══════════════
2022-08-03 20:20:08,073 INFO     ___FILE_ONLY___ ╝

2022-08-03 20:20:08,085 INFO     ___FILE_ONLY___ ╔════════════════════════════════════════════════════════════╗

2022-08-03 20:20:08,085 INFO     ___FILE_ONLY___ ╠═ Installing: Google Cloud CRC32C Hash Tool                ═╣

2022-08-03 20:20:08,085 INFO     ___FILE_ONLY___ ╚
2022-08-03 20:20:08,090 INFO     ___FILE_ONLY___ ════════════════════════════════════════════════════════════
2022-08-03 20:20:08,091 INFO     ___FILE_ONLY___ ╝

2022-08-03 20:20:08,095 INFO     ___FILE_ONLY___ ╔════════════════════════════════════════════════════════════╗

2022-08-03 20:20:08,096 INFO     ___FILE_ONLY___ ╠═ Installing: Google Cloud CRC32C Hash Tool                ═╣

2022-08-03 20:20:08,096 INFO     ___FILE_ONLY___ ╚
2022-08-03 20:20:08,100 DEBUG    urllib3.connectionpool Starting new HTTPS connection (1): dl.google.com:443
2022-08-03 20:20:08,127 DEBUG    urllib3.connectionpool https://dl.google.com:443 "GET /dl/cloudsdk/channels/rapid/components/google-cloud-sdk-gcloud-crc32c-linux-x86_64-20220729144039.tar.gz HTTP/1.1" 200 1243294
2022-08-03 20:20:08,140 INFO     ___FILE_ONLY___ ═
2022-08-03 20:20:08,141 INFO     ___FILE_ONLY___ ═
2022-08-03 20:20:08,141 INFO     ___FILE_ONLY___ ═
2022-08-03 20:20:08,141 INFO     ___FILE_ONLY___ ═
2022-08-03 20:20:08,141 INFO     ___FILE_ONLY___ ═
2022-08-03 20:20:08,141 INFO     ___FILE_ONLY___ ═
2022-08-03 20:20:08,141 INFO     ___FILE_ONLY___ ═
2022-08-03 20:20:08,142 INFO     ___FILE_ONLY___ ═
2022-08-03 20:20:08,142 INFO     ___FILE_ONLY___ ═
2022-08-03 20:20:08,142 INFO     ___FILE_ONLY___ ═
2022-08-03 20:20:08,142 INFO     ___FILE_ONLY___ ═
2022-08-03 20:20:08,142 INFO     ___FILE_ONLY___ ═
2022-08-03 20:20:08,142 INFO     ___FILE_ONLY___ ═
2022-08-03 20:20:08,142 INFO     ___FILE_ONLY___ ═
2022-08-03 20:20:08,142 INFO     ___FILE_ONLY___ ═
2022-08-03 20:20:08,143 INFO     ___FILE_ONLY___ ═
2022-08-03 20:20:08,143 INFO     ___FILE_ONLY___ ═
2022-08-03 20:20:08,143 INFO     ___FILE_ONLY___ ═
2022-08-03 20:20:08,143 INFO     ___FILE_ONLY___ ═
2022-08-03 20:20:08,143 INFO     ___FILE_ONLY___ ═
2022-08-03 20:20:08,143 INFO     ___FILE_ONLY___ ═
2022-08-03 20:20:08,143 INFO     ___FILE_ONLY___ ═
2022-08-03 20:20:08,144 INFO     ___FILE_ONLY___ ═
2022-08-03 20:20:08,144 INFO     ___FILE_ONLY___ ═
2022-08-03 20:20:08,144 INFO     ___FILE_ONLY___ ═
2022-08-03 20:20:08,144 INFO     ___FILE_ONLY___ ═
2022-08-03 20:20:08,144 INFO     ___FILE_ONLY___ ═
2022-08-03 20:20:08,144 INFO     ___FILE_ONLY___ ═
2022-08-03 20:20:08,144 INFO     ___FILE_ONLY___ ═
2022-08-03 20:20:08,145 INFO     ___FILE_ONLY___ ═
2022-08-03 20:20:08,181 INFO     ___FILE_ONLY___ ═══════════════
2022-08-03 20:20:08,182 INFO     ___FILE_ONLY___ ═══════════════
2022-08-03 20:20:08,182 INFO     ___FILE_ONLY___ ╝

2022-08-03 20:20:08,194 INFO     ___FILE_ONLY___ ╔════════════════════════════════════════════════════════════╗

2022-08-03 20:20:08,195 INFO     ___FILE_ONLY___ ╠═ Installing: anthoscli                                    ═╣

2022-08-03 20:20:08,195 INFO     ___FILE_ONLY___ ╚
2022-08-03 20:20:08,199 DEBUG    urllib3.connectionpool Starting new HTTPS connection (1): dl.google.com:443
2022-08-03 20:20:08,237 DEBUG    urllib3.connectionpool https://dl.google.com:443 "GET /dl/cloudsdk/channels/rapid/components/google-cloud-sdk-anthoscli-linux-x86_64-20220617150114.tar.gz HTTP/1.1" 200 49978629
2022-08-03 20:20:08,653 INFO     ___FILE_ONLY___ ═
2022-08-03 20:20:08,655 INFO     ___FILE_ONLY___ ═
2022-08-03 20:20:08,657 INFO     ___FILE_ONLY___ ═
2022-08-03 20:20:08,659 INFO     ___FILE_ONLY___ ═
2022-08-03 20:20:08,661 INFO     ___FILE_ONLY___ ═
2022-08-03 20:20:08,664 INFO     ___FILE_ONLY___ ═
2022-08-03 20:20:08,666 INFO     ___FILE_ONLY___ ═
2022-08-03 20:20:08,668 INFO     ___FILE_ONLY___ ═
2022-08-03 20:20:08,670 INFO     ___FILE_ONLY___ ═
2022-08-03 20:20:08,672 INFO     ___FILE_ONLY___ ═
2022-08-03 20:20:08,674 INFO     ___FILE_ONLY___ ═
2022-08-03 20:20:08,676 INFO     ___FILE_ONLY___ ═
2022-08-03 20:20:08,678 INFO     ___FILE_ONLY___ ═
2022-08-03 20:20:08,680 INFO     ___FILE_ONLY___ ═
2022-08-03 20:20:08,682 INFO     ___FILE_ONLY___ ═
2022-08-03 20:20:08,684 INFO     ___FILE_ONLY___ ═
2022-08-03 20:20:08,686 INFO     ___FILE_ONLY___ ═
2022-08-03 20:20:08,688 INFO     ___FILE_ONLY___ ═
2022-08-03 20:20:08,690 INFO     ___FILE_ONLY___ ═
2022-08-03 20:20:08,692 INFO     ___FILE_ONLY___ ═
2022-08-03 20:20:08,694 INFO     ___FILE_ONLY___ ═
2022-08-03 20:20:08,696 INFO     ___FILE_ONLY___ ═
2022-08-03 20:20:08,698 INFO     ___FILE_ONLY___ ═
2022-08-03 20:20:08,700 INFO     ___FILE_ONLY___ ═
2022-08-03 20:20:08,703 INFO     ___FILE_ONLY___ ═
2022-08-03 20:20:08,705 INFO     ___FILE_ONLY___ ═
2022-08-03 20:20:08,707 INFO     ___FILE_ONLY___ ═
2022-08-03 20:20:08,709 INFO     ___FILE_ONLY___ ═
2022-08-03 20:20:08,711 INFO     ___FILE_ONLY___ ═
2022-08-03 20:20:08,713 INFO     ___FILE_ONLY___ ═
2022-08-03 20:20:10,387 INFO     ___FILE_ONLY___ ══════════
2022-08-03 20:20:10,392 INFO     ___FILE_ONLY___ ═════════
2022-08-03 20:20:10,414 INFO     ___FILE_ONLY___ ═══════════
2022-08-03 20:20:10,415 INFO     ___FILE_ONLY___ ╝

2022-08-03 20:20:10,436 INFO     ___FILE_ONLY___ ╔════════════════════════════════════════════════════════════╗

2022-08-03 20:20:10,436 INFO     ___FILE_ONLY___ ╠═ Installing: anthoscli                                    ═╣

2022-08-03 20:20:10,437 INFO     ___FILE_ONLY___ ╚
2022-08-03 20:20:10,442 INFO     ___FILE_ONLY___ ════════════════════════════════════════════════════════════
2022-08-03 20:20:10,442 INFO     ___FILE_ONLY___ ╝

2022-08-03 20:20:10,447 INFO     ___FILE_ONLY___ ╔════════════════════════════════════════════════════════════╗

2022-08-03 20:20:10,447 INFO     ___FILE_ONLY___ ╠═ Installing: gcloud cli dependencies                      ═╣

2022-08-03 20:20:10,447 INFO     ___FILE_ONLY___ ╚
2022-08-03 20:20:10,451 DEBUG    urllib3.connectionpool Starting new HTTPS connection (1): dl.google.com:443
2022-08-03 20:20:10,473 DEBUG    urllib3.connectionpool https://dl.google.com:443 "GET /dl/cloudsdk/channels/rapid/components/google-cloud-sdk-gcloud-deps-linux-x86_64-20210416153011.tar.gz HTTP/1.1" 200 104
2022-08-03 20:20:10,473 INFO     ___FILE_ONLY___ ══════════════════════════════
2022-08-03 20:20:10,474 INFO     ___FILE_ONLY___ ══════════════════════════════
2022-08-03 20:20:10,474 INFO     ___FILE_ONLY___ ╝

2022-08-03 20:20:10,486 INFO     ___FILE_ONLY___ ╔════════════════════════════════════════════════════════════╗

2022-08-03 20:20:10,486 INFO     ___FILE_ONLY___ ╠═ Creating backup and activating new installation          ═╣

2022-08-03 20:20:10,486 INFO     ___FILE_ONLY___ ╚
2022-08-03 20:20:10,486 DEBUG    root            Attempting to move directory [/tools/google-cloud-sdk] to [/tools/google-cloud-sdk.staging/.install/.backup]
2022-08-03 20:20:10,487 INFO     ___FILE_ONLY___ ══════════════════════════════
2022-08-03 20:20:10,487 DEBUG    root            Attempting to move directory [/tools/google-cloud-sdk.staging] to [/tools/google-cloud-sdk]
2022-08-03 20:20:10,487 INFO     ___FILE_ONLY___ ══════════════════════════════
2022-08-03 20:20:10,487 INFO     ___FILE_ONLY___ ╝

2022-08-03 20:20:10,491 DEBUG    root            Updating notification cache...
2022-08-03 20:20:10,492 INFO     ___FILE_ONLY___ 

2022-08-03 20:20:10,497 INFO     ___FILE_ONLY___ Performing post processing steps...
2022-08-03 20:20:10,498 DEBUG    root            Executing command: ['python3', '-S', '/tools/google-cloud-sdk/lib/gcloud.py', 'components', 'post-process']
2022-08-03 20:20:29,525 DEBUG    ___FILE_ONLY___ 
2022-08-03 20:20:29,526 DEBUG    ___FILE_ONLY___ 
2022-08-03 20:20:29,527 INFO     ___FILE_ONLY___ 
Update done!


2022-08-03 20:20:29,531 INFO     root            Display format: "none"
